<?xml version="1.0" encoding="UTF-8"?>
<!-- Generated by org.testng.reporters.JUnitXMLReporter -->
<testsuite hostname="Menys-MacBook-Pro.local" name="Regression(failed)(failed)" tests="4" failures="2" timestamp="13 Jun 2017 05:39:07 GMT" time="727.153" errors="0">
  <testcase name="Actions_Grid_One_Layer_Cell" time="201.569" classname="Native.SanityAndroid"/>
  <testcase name="Actions_List_Row_Popup" time="70.989" classname="Native.SanityAndroid">
    <failure type="java.lang.AssertionError" message="Free_Text didn&amp;apos;t display">
      <![CDATA[java.lang.AssertionError: Free_Text didn't display
	at Native.AndroidMethods.clickXpthName_TextView(AndroidMethods.java:596)
	at Native.SanityAndroid.Actions_List_Row_Popup(SanityAndroid.java:1411)
... Removed 25 stack frames]]>
    </failure>
  </testcase> <!-- Actions_List_Row_Popup -->
  <testcase name="slicerReport" time="193.278" classname="Native.SanityAndroid"/>
  <testcase name="Tabs_Grid_One_Layer_Advance_Navigation" time="36.712" classname="Native.SanityAndroid">
    <failure type="org.openqa.selenium.remote.SessionNotFoundException" message="Session ID is null. Using WebDriver after calling quit()?
Build info: version: &amp;apos;2.48.2&amp;apos;, revision: &amp;apos;41bccdd10cf2c0560f637404c2d96164b67d9d67&amp;apos;, time: &amp;apos;2015-10-09 13:08:06&amp;apos;
System info: host: &amp;apos;Menys-MacBook-Pro.local&amp;apos;, ip: &amp;apos;10.0.1.28&amp;apos;, os.name: &amp;apos;Mac OS X&amp;apos;, os.arch: &amp;apos;x86_64&amp;apos;, os.version: &amp;apos;10.12.5&amp;apos;, java.version: &amp;apos;1.8.0_111&amp;apos;
Driver info: driver.version: RemoteWebDriver">
      <![CDATA[org.openqa.selenium.remote.SessionNotFoundException: Session ID is null. Using WebDriver after calling quit()?
Build info: version: '2.48.2', revision: '41bccdd10cf2c0560f637404c2d96164b67d9d67', time: '2015-10-09 13:08:06'
System info: host: 'Menys-MacBook-Pro.local', ip: '10.0.1.28', os.name: 'Mac OS X', os.arch: 'x86_64', os.version: '10.12.5', java.version: '1.8.0_111'
Driver info: driver.version: RemoteWebDriver
	at org.openqa.selenium.remote.HttpCommandExecutor.execute(HttpCommandExecutor.java:134)
	at io.appium.java_client.remote.AppiumCommandExecutor.execute(AppiumCommandExecutor.java:69)
	at org.openqa.selenium.remote.RemoteWebDriver.execute(RemoteWebDriver.java:620)
	at io.appium.java_client.DefaultGenericMobileDriver.execute(DefaultGenericMobileDriver.java:40)
	at io.appium.java_client.AppiumDriver.execute(AppiumDriver.java:235)
	at org.openqa.selenium.remote.RemoteWebDriver.getScreenshotAs(RemoteWebDriver.java:325)
	at Native.AndroidMethods.takeScreenShot(AndroidMethods.java:315)
	at Native.AndroidMethods.clickXpthName_LinearLayout(AndroidMethods.java:700)
	at Native.SanityAndroid.Tabs_Grid_One_Layer_Advance_Navigation(SanityAndroid.java:666)
... Removed 24 stack frames]]>
    </failure>
  </testcase> <!-- Tabs_Grid_One_Layer_Advance_Navigation -->
</testsuite> <!-- Regression(failed)(failed) -->
