<?xml version="1.0" encoding="UTF-8"?>
<!-- Generated by org.testng.reporters.JUnitXMLReporter -->
<testsuite hostname="Menys-MacBook-Pro.local" name="Regression" tests="1" failures="1" timestamp="13 Jul 2017 11:49:17 GMT" time="66.836" errors="0">
  <testcase name="JTR_To_Slicer_Report" time="46.585" classname="Native.SanityAndroid">
    <failure type="java.lang.AssertionError" message="Service Call ID didn&amp;apos;t display">
      <![CDATA[java.lang.AssertionError: Service Call ID didn't display
	at Native.AndroidMethods.clickXpthName_TextView(AndroidMethods.java:598)
	at Native.SanityAndroid.JTR_To_Slicer_Report(SanityAndroid.java:2143)
... Removed 25 stack frames]]>
    </failure>
  </testcase> <!-- JTR_To_Slicer_Report -->
</testsuite> <!-- Regression -->
