<?xml version="1.0" encoding="UTF-8"?>
<!-- Generated by org.testng.reporters.JUnitXMLReporter -->
<testsuite hostname="Menys-MacBook-Pro.local" name="Regression" tests="1" failures="1" timestamp="22 Jun 2017 12:54:20 GMT" time="122.134" errors="0">
  <testcase name="Actions_List_Row_Popup" time="91.83" classname="Native.SanityAndroid">
    <failure type="org.openqa.selenium.WebDriverException" message="An unknown server-side error occurred while processing the command. (WARNING: The server did not provide any stacktrace information)
Command duration or timeout: 42 milliseconds
Build info: version: &amp;apos;2.48.2&amp;apos;, revision: &amp;apos;41bccdd10cf2c0560f637404c2d96164b67d9d67&amp;apos;, time: &amp;apos;2015-10-09 13:08:06&amp;apos;
System info: host: &amp;apos;Menys-MacBook-Pro.local&amp;apos;, ip: &amp;apos;10.0.1.28&amp;apos;, os.name: &amp;apos;Mac OS X&amp;apos;, os.arch: &amp;apos;x86_64&amp;apos;, os.version: &amp;apos;10.12.5&amp;apos;, java.version: &amp;apos;1.8.0_111&amp;apos;
Driver info: io.appium.java_client.android.AndroidDriver
Capabilities [{app=/Users/menypeled/Documents/workspace/Droid_Appium/APK/SkyGiraffe.apk, appPackage=com.skygiraffe.operationaldata, deviceScreenSize=1080x1920, networkConnectionEnabled=true, warnings={}, appWaitPackage=com.skygiraffe.operationaldata, appWaitActivity=com.skygiraffe.operationaldata.LoginScreenActivity, databaseEnabled=false, version=, deviceName=00cfa6ed1739c2e7, platform=ANDROID, deviceUDID=00cfa6ed1739c2e7, appActivity=com.skygiraffe.operationaldata.LoginScreenActivity, desired={app=/Users/menypeled/Documents/workspace/Droid_Appium/APK/SkyGiraffe.apk, newCommandTimeout=120, browserName=android, platformName=Android, version=, deviceName=Nexus 5X, platform=ANDROID}, newCommandTimeout=120, platformVersion=7.1.2, webStorageEnabled=false, locationContextEnabled=false, takesScreenshot=true, browserName=android, javascriptEnabled=true, deviceModel=Nexus 5X, platformName=Android, deviceManufacturer=LGE}]
Session ID: 2e6b808d-ade1-462e-8a99-53a38a21ce19">
      <![CDATA[org.openqa.selenium.WebDriverException: An unknown server-side error occurred while processing the command. (WARNING: The server did not provide any stacktrace information)
Command duration or timeout: 42 milliseconds
Build info: version: '2.48.2', revision: '41bccdd10cf2c0560f637404c2d96164b67d9d67', time: '2015-10-09 13:08:06'
System info: host: 'Menys-MacBook-Pro.local', ip: '10.0.1.28', os.name: 'Mac OS X', os.arch: 'x86_64', os.version: '10.12.5', java.version: '1.8.0_111'
Driver info: io.appium.java_client.android.AndroidDriver
Capabilities [{app=/Users/menypeled/Documents/workspace/Droid_Appium/APK/SkyGiraffe.apk, appPackage=com.skygiraffe.operationaldata, deviceScreenSize=1080x1920, networkConnectionEnabled=true, warnings={}, appWaitPackage=com.skygiraffe.operationaldata, appWaitActivity=com.skygiraffe.operationaldata.LoginScreenActivity, databaseEnabled=false, version=, deviceName=00cfa6ed1739c2e7, platform=ANDROID, deviceUDID=00cfa6ed1739c2e7, appActivity=com.skygiraffe.operationaldata.LoginScreenActivity, desired={app=/Users/menypeled/Documents/workspace/Droid_Appium/APK/SkyGiraffe.apk, newCommandTimeout=120, browserName=android, platformName=Android, version=, deviceName=Nexus 5X, platform=ANDROID}, newCommandTimeout=120, platformVersion=7.1.2, webStorageEnabled=false, locationContextEnabled=false, takesScreenshot=true, browserName=android, javascriptEnabled=true, deviceModel=Nexus 5X, platformName=Android, deviceManufacturer=LGE}]
Session ID: 2e6b808d-ade1-462e-8a99-53a38a21ce19
	at org.openqa.selenium.remote.ErrorHandler.createThrowable(ErrorHandler.java:206)
	at org.openqa.selenium.remote.ErrorHandler.throwIfResponseFailed(ErrorHandler.java:158)
	at org.openqa.selenium.remote.RemoteWebDriver.execute(RemoteWebDriver.java:647)
	at io.appium.java_client.DefaultGenericMobileDriver.execute(DefaultGenericMobileDriver.java:40)
	at io.appium.java_client.AppiumDriver.execute(AppiumDriver.java:1)
	at io.appium.java_client.android.AndroidDriver.execute(AndroidDriver.java:1)
	at io.appium.java_client.AppiumDriver.performTouchAction(AppiumDriver.java:336)
	at io.appium.java_client.TouchAction.perform(TouchAction.java:323)
	at io.appium.java_client.AppiumDriver.doSwipe(AppiumDriver.java:383)
	at io.appium.java_client.android.AndroidDriver.swipe(AndroidDriver.java:186)
	at Native.AndroidMethods.swipeDownLongNexus5X(AndroidMethods.java:1423)
	at Native.SanityAndroid.Actions_List_Row_Popup(SanityAndroid.java:1435)
... Removed 28 stack frames]]>
    </failure>
  </testcase> <!-- Actions_List_Row_Popup -->
</testsuite> <!-- Regression -->
