<?xml version="1.0" encoding="UTF-8"?>
<!-- Generated by org.testng.reporters.JUnitXMLReporter -->
<testsuite hostname="Menys-MacBook-Pro.local" name="Regression(failed)" tests="1" failures="1" timestamp="26 Sep 2017 07:18:32 GMT" time="70.59" errors="0">
  <testcase name="actions_Grid_One_Layer_Row" time="59.681" classname="Native.SanityAndroid">
    <failure type="java.lang.AssertionError" message="Done didn&amp;apos;t display">
      <![CDATA[java.lang.AssertionError: Done didn't display
	at Native.AndroidMethods.clickXpthName_TextView(AndroidMethods.java:599)
	at Native.SanityAndroid.actions_Grid_One_Layer_Row(SanityAndroid.java:1710)
... Removed 25 stack frames]]>
    </failure>
  </testcase> <!-- actions_Grid_One_Layer_Row -->
</testsuite> <!-- Regression(failed) -->
