<?xml version="1.0" encoding="UTF-8"?>
<testng-results skipped="0" failed="1" total="1" passed="0">
  <reporter-output>
  </reporter-output>
  <suite name="Suite" duration-ms="66836" started-at="2017-07-13T11:48:05Z" finished-at="2017-07-13T11:49:12Z">
    <groups>
      <group name="Sanity Android1">
        <method signature="SanityAndroid.JTR_To_Slicer_Report()[pri:0, instance:Native.SanityAndroid@6492fab5]" name="JTR_To_Slicer_Report" class="Native.SanityAndroid"/>
      </group> <!-- Sanity Android1 -->
    </groups>
    <test name="Regression" duration-ms="66836" started-at="2017-07-13T11:48:05Z" finished-at="2017-07-13T11:49:12Z">
      <class name="Native.SanityAndroid">
        <test-method status="PASS" signature="setupBeforeSuite(org.testng.ITestContext)[pri:0, instance:Native.SanityAndroid@6492fab5]" name="setupBeforeSuite" is-config="true" duration-ms="145409" started-at="2017-07-13T14:45:40Z" finished-at="2017-07-13T14:48:05Z">
          <params>
            <param index="0">
              <value>
                <![CDATA[org.testng.TestRunner@39c385d6]]>
              </value>
            </param>
          </params>
          <reporter-output>
          </reporter-output>
        </test-method> <!-- setupBeforeSuite -->
        <test-method status="PASS" signature="checkHomeScreen()[pri:0, instance:Native.SanityAndroid@6492fab5]" name="checkHomeScreen" is-config="true" duration-ms="20231" started-at="2017-07-13T14:48:05Z" finished-at="2017-07-13T14:48:25Z">
          <reporter-output>
          </reporter-output>
        </test-method> <!-- checkHomeScreen -->
        <test-method status="FAIL" signature="JTR_To_Slicer_Report()[pri:0, instance:Native.SanityAndroid@6492fab5]" name="JTR_To_Slicer_Report" duration-ms="46585" started-at="2017-07-13T14:48:25Z" description="Check the Grid one layer Row action" finished-at="2017-07-13T14:49:12Z">
          <exception class="java.lang.AssertionError">
            <message>
              <![CDATA[Service Call ID didn't display]]>
            </message>
            <full-stacktrace>
              <![CDATA[java.lang.AssertionError: Service Call ID didn't display
	at org.testng.Assert.fail(Assert.java:94)
	at Native.AndroidMethods.clickXpthName_TextView(AndroidMethods.java:598)
	at Native.SanityAndroid.JTR_To_Slicer_Report(SanityAndroid.java:2143)
	at sun.reflect.NativeMethodAccessorImpl.invoke0(Native Method)
	at sun.reflect.NativeMethodAccessorImpl.invoke(NativeMethodAccessorImpl.java:62)
	at sun.reflect.DelegatingMethodAccessorImpl.invoke(DelegatingMethodAccessorImpl.java:43)
	at java.lang.reflect.Method.invoke(Method.java:498)
	at org.testng.internal.MethodInvocationHelper.invokeMethod(MethodInvocationHelper.java:85)
	at org.testng.internal.Invoker.invokeMethod(Invoker.java:639)
	at org.testng.internal.Invoker.invokeTestMethod(Invoker.java:816)
	at org.testng.internal.Invoker.invokeTestMethods(Invoker.java:1124)
	at org.testng.internal.TestMethodWorker.invokeTestMethods(TestMethodWorker.java:125)
	at org.testng.internal.TestMethodWorker.run(TestMethodWorker.java:108)
	at org.testng.TestRunner.privateRun(TestRunner.java:774)
	at org.testng.TestRunner.run(TestRunner.java:624)
	at org.testng.SuiteRunner.runTest(SuiteRunner.java:359)
	at org.testng.SuiteRunner.runSequentially(SuiteRunner.java:354)
	at org.testng.SuiteRunner.privateRun(SuiteRunner.java:312)
	at org.testng.SuiteRunner.run(SuiteRunner.java:261)
	at org.testng.SuiteRunnerWorker.runSuite(SuiteRunnerWorker.java:52)
	at org.testng.SuiteRunnerWorker.run(SuiteRunnerWorker.java:86)
	at org.testng.TestNG.runSuitesSequentially(TestNG.java:1215)
	at org.testng.TestNG.runSuitesLocally(TestNG.java:1140)
	at org.testng.TestNG.run(TestNG.java:1048)
	at org.testng.remote.AbstractRemoteTestNG.run(AbstractRemoteTestNG.java:132)
	at org.testng.remote.RemoteTestNG.initAndRun(RemoteTestNG.java:236)
	at org.testng.remote.RemoteTestNG.main(RemoteTestNG.java:81)
]]>
            </full-stacktrace>
          </exception> <!-- java.lang.AssertionError -->
          <reporter-output>
          </reporter-output>
        </test-method> <!-- JTR_To_Slicer_Report -->
        <test-method status="PASS" signature="tearDown()[pri:0, instance:Native.SanityAndroid@6492fab5]" name="tearDown" is-config="true" duration-ms="14255" started-at="2017-07-13T14:49:17Z" finished-at="2017-07-13T14:49:31Z">
          <reporter-output>
          </reporter-output>
        </test-method> <!-- tearDown -->
      </class> <!-- Native.SanityAndroid -->
    </test> <!-- Regression -->
  </suite> <!-- Suite -->
</testng-results>
